::1 - - [14/May/2015:16:58:58 +0200] "POST /message HTTP/1.1" 200 24 0.0129
::1 - - [14/May/2015:17:12:16 +0200] "POST /message HTTP/1.1" 200 24 0.0131
::1 - - [22/May/2015:13:24:43 +0200] "POST /message HTTP/1.1" 200 - 0.3355
::1 - - [22/May/2015:13:24:53 +0200] "POST /message HTTP/1.1" 200 - 0.3001
::1 - - [22/May/2015:13:26:36 +0200] "POST /message HTTP/1.1" 200 2 0.0452
::1 - - [22/May/2015:13:26:40 +0200] "POST /message HTTP/1.1" 200 2 0.0016
::1 - - [22/May/2015:14:06:31 +0200] "POST /message HTTP/1.1" 200 - 1.5153
::1 - - [27/May/2015:11:36:35 +0200] "POST /message HTTP/1.1" 200 - 0.0098
::1 - - [27/May/2015:11:38:52 +0200] "POST /message HTTP/1.1" 200 - 0.0039
127.0.0.1 - - [27/May/2015:15:58:01 +0200] "POST /add HTTP/1.1" 200 2 0.0096
127.0.0.1 - - [27/May/2015:16:01:59 +0200] "POST /add HTTP/1.1" 200 2 0.0008
::1 - - [27/May/2015:16:02:42 +0200] "POST /message HTTP/1.1" 200 - 6.8566
::1 - - [27/May/2015:16:29:21 +0200] "POST /message HTTP/1.1" 200 - 6.5585
::1 - - [27/May/2015:16:38:15 +0200] "POST /message HTTP/1.1" 200 - 6.5017
::1 - - [27/May/2015:16:39:16 +0200] "POST /message HTTP/1.1" 200 - 6.5242
127.0.0.1 - - [27/May/2015:17:05:05 +0200] "POST /add HTTP/1.1" 200 2 0.0027
::1 - - [27/May/2015:17:06:18 +0200] "POST /message HTTP/1.1" 200 - 6.9724
::1 - - [27/May/2015:17:07:29 +0200] "POST /message HTTP/1.1" 200 - 9.8912
::1 - - [27/May/2015:17:26:10 +0200] "POST /message HTTP/1.1" 200 - 7.6430
::1 - - [27/May/2015:18:08:14 +0200] "POST /message HTTP/1.1" 200 - 6.8541
::1 - - [28/May/2015:14:00:40 +0200] "POST /message HTTP/1.1" 200 - 7.0107
::1 - - [28/May/2015:14:07:48 +0200] "POST /message HTTP/1.1" 200 - 17.0462
127.0.0.1 - - [28/May/2015:15:54:52 +0200] "POST /add HTTP/1.1" 200 2 0.0233
::1 - - [28/May/2015:15:55:50 +0200] "POST /message HTTP/1.1" 200 - 1.3142
::1 - - [28/May/2015:16:04:34 +0200] "POST /message HTTP/1.1" 200 - 1.2245
::1 - - [28/May/2015:16:16:43 +0200] "POST /message HTTP/1.1" 200 - 1.2472
::1 - - [28/May/2015:16:22:45 +0200] "POST /message HTTP/1.1" 200 - 1.2581
::1 - - [28/May/2015:16:26:28 +0200] "POST /message HTTP/1.1" 200 - 1.2758
::1 - - [28/May/2015:16:29:27 +0200] "POST /message HTTP/1.1" 200 - 1.2259
::1 - - [28/May/2015:16:33:16 +0200] "POST /message HTTP/1.1" 200 - 1.2394
::1 - - [28/May/2015:16:37:10 +0200] "POST /message HTTP/1.1" 200 - 1.2373
::1 - - [28/May/2015:17:00:45 +0200] "POST /message HTTP/1.1" 200 - 1.2372
::1 - - [28/May/2015:17:31:01 +0200] "POST /message HTTP/1.1" 200 - 1.2332
::1 - - [28/May/2015:17:46:21 +0200] "POST /message HTTP/1.1" 200 - 1.2877
::1 - - [28/May/2015:18:13:00 +0200] "POST /message HTTP/1.1" 200 - 1.2516
::1 - - [28/May/2015:18:14:10 +0200] "POST /message HTTP/1.1" 200 - 1.2363
::1 - - [28/May/2015:18:35:18 +0200] "POST /message HTTP/1.1" 200 - 1.2473
::1 - - [28/May/2015:18:44:23 +0200] "POST /message HTTP/1.1" 200 - 1.2306
::1 - - [28/May/2015:18:50:26 +0200] "POST /message HTTP/1.1" 200 - 1.2280
127.0.0.1 - - [28/May/2015:18:58:18 +0200] "POST /add HTTP/1.1" 200 2 0.0008
::1 - - [28/May/2015:18:59:01 +0200] "POST /message HTTP/1.1" 200 - 1.5758
127.0.0.1 - - [28/May/2015:19:13:50 +0200] "POST /add HTTP/1.1" 200 2 0.0035
::1 - - [28/May/2015:19:14:34 +0200] "POST /message HTTP/1.1" 200 - 0.3148
::1 - - [28/May/2015:19:16:57 +0200] "POST /message HTTP/1.1" 200 - 0.3093
::1 - - [28/May/2015:19:52:43 +0200] "POST /message HTTP/1.1" 200 - 0.3882
::1 - - [28/May/2015:19:53:10 +0200] "POST /message HTTP/1.1" 200 - 0.3170
::1 - - [28/May/2015:20:09:18 +0200] "POST /message HTTP/1.1" 200 - 0.3200
::1 - - [28/May/2015:20:09:51 +0200] "POST /message HTTP/1.1" 200 - 0.3033
::1 - - [28/May/2015:20:13:44 +0200] "POST /message HTTP/1.1" 200 - 0.3312
::1 - - [28/May/2015:20:15:06 +0200] "POST /message HTTP/1.1" 200 - 0.3225
::1 - - [28/May/2015:20:19:38 +0200] "POST /message HTTP/1.1" 200 - 0.3258
::1 - - [28/May/2015:20:20:23 +0200] "POST /message HTTP/1.1" 200 - 0.3133
::1 - - [28/May/2015:21:14:09 +0200] "POST /message HTTP/1.1" 200 - 0.3380
::1 - - [28/May/2015:21:35:26 +0200] "POST /message HTTP/1.1" 200 - 0.3382
::1 - - [29/May/2015:14:38:43 +0200] "POST /message HTTP/1.1" 200 - 0.3606
::1 - - [29/May/2015:14:54:34 +0200] "POST /message HTTP/1.1" 200 - 0.3249
::1 - - [29/May/2015:14:58:56 +0200] "POST /message HTTP/1.1" 200 - 0.3316
::1 - - [29/May/2015:15:04:21 +0200] "POST /message HTTP/1.1" 200 - 0.3270
::1 - - [29/May/2015:15:10:45 +0200] "POST /message HTTP/1.1" 200 - 0.3243
::1 - - [29/May/2015:15:21:29 +0200] "POST /message HTTP/1.1" 200 - 0.3236
::1 - - [29/May/2015:16:04:10 +0200] "POST /message HTTP/1.1" 200 - 0.3236
::1 - - [29/May/2015:16:06:14 +0200] "POST /message HTTP/1.1" 200 - 0.3281
::1 - - [29/May/2015:16:19:51 +0200] "POST /message HTTP/1.1" 200 - 0.3318
::1 - - [29/May/2015:16:22:27 +0200] "POST /message HTTP/1.1" 200 - 0.3139
::1 - - [29/May/2015:18:11:03 +0200] "POST /message HTTP/1.1" 200 - 0.3144
::1 - - [29/May/2015:18:39:51 +0200] "POST /message HTTP/1.1" 200 - 0.3047
::1 - - [29/May/2015:18:51:10 +0200] "POST /message HTTP/1.1" 200 - 0.3357
::1 - - [29/May/2015:18:59:28 +0200] "POST /message HTTP/1.1" 200 - 0.3254
::1 - - [02/Jun/2015:14:27:36 +0200] "POST /message HTTP/1.1" 200 - 0.0215
::1 - - [03/Jun/2015:15:06:20 +0200] "POST /message HTTP/1.1" 200 - 0.0099
::1 - - [03/Jun/2015:15:07:31 +0200] "POST /message HTTP/1.1" 200 - 0.0008
::1 - - [03/Jun/2015:15:07:39 +0200] "POST /message HTTP/1.1" 200 - 0.0009
::1 - - [03/Jun/2015:15:13:17 +0200] "POST /message HTTP/1.1" 200 - 0.0060
::1 - - [03/Jun/2015:15:15:05 +0200] "POST /message HTTP/1.1" 200 - 0.0044
::1 - - [03/Jun/2015:15:15:32 +0200] "POST /message HTTP/1.1" 200 - 0.0012
::1 - - [03/Jun/2015:15:16:26 +0200] "POST /message HTTP/1.1" 200 - 0.0045
::1 - - [03/Jun/2015:15:19:09 +0200] "POST /message HTTP/1.1" 200 - 0.0044
::1 - - [04/Jun/2015:10:55:00 +0200] "POST /message HTTP/1.1" 200 - 0.0224
::1 - - [04/Jun/2015:11:00:16 +0200] "POST /message HTTP/1.1" 200 - 0.0043
::1 - - [04/Jun/2015:11:10:19 +0200] "POST /message HTTP/1.1" 200 - 0.0051
127.0.0.1 - - [04/Jun/2015:11:56:27 +0200] "POST /add HTTP/1.1" 200 2 0.0127
::1 - - [04/Jun/2015:11:58:12 +0200] "POST /message HTTP/1.1" 200 - 0.0044
127.0.0.1 - - [04/Jun/2015:12:06:19 +0200] "POST /add HTTP/1.1" 200 2 0.0041
::1 - - [04/Jun/2015:12:07:56 +0200] "POST /message HTTP/1.1" 200 - 0.0013
::1 - - [04/Jun/2015:12:08:24 +0200] "POST /message HTTP/1.1" 200 - 0.0011
127.0.0.1 - - [04/Jun/2015:12:19:07 +0200] "POST /add HTTP/1.1" 200 2 0.0044
::1 - - [04/Jun/2015:12:20:04 +0200] "POST /message HTTP/1.1" 200 - 0.0013
::1 - - [04/Jun/2015:12:23:06 +0200] "POST /message HTTP/1.1" 200 - 0.0045
::1 - - [04/Jun/2015:12:27:19 +0200] "POST /message HTTP/1.1" 200 - 0.0042
::1 - - [04/Jun/2015:12:28:53 +0200] "POST /message HTTP/1.1" 200 - 0.0048
::1 - - [04/Jun/2015:12:31:22 +0200] "POST /message HTTP/1.1" 200 - 0.0042
::1 - - [04/Jun/2015:12:32:42 +0200] "POST /message HTTP/1.1" 200 - 0.0045
::1 - - [04/Jun/2015:12:34:32 +0200] "POST /message HTTP/1.1" 200 - 0.0041
::1 - - [04/Jun/2015:12:36:57 +0200] "POST /message HTTP/1.1" 200 - 0.0046
::1 - - [04/Jun/2015:12:38:14 +0200] "POST /message HTTP/1.1" 200 - 0.0043
::1 - - [04/Jun/2015:12:42:31 +0200] "POST /message HTTP/1.1" 200 - 0.0051
::1 - - [04/Jun/2015:13:00:23 +0200] "POST /message HTTP/1.1" 200 - 0.0050
::1 - - [04/Jun/2015:13:03:12 +0200] "POST /message HTTP/1.1" 200 - 0.0043
::1 - - [04/Jun/2015:13:05:30 +0200] "POST /message HTTP/1.1" 200 - 0.0059
::1 - - [04/Jun/2015:13:07:43 +0200] "POST /message HTTP/1.1" 200 - 0.0052
::1 - - [04/Jun/2015:13:13:43 +0200] "POST /message HTTP/1.1" 200 - 0.0044
::1 - - [04/Jun/2015:13:16:05 +0200] "POST /message HTTP/1.1" 200 - 0.0044
::1 - - [04/Jun/2015:13:19:28 +0200] "POST /message HTTP/1.1" 200 - 0.0013
::1 - - [04/Jun/2015:13:23:17 +0200] "POST /message HTTP/1.1" 200 - 0.0012
::1 - - [04/Jun/2015:13:24:46 +0200] "POST /message HTTP/1.1" 200 - 0.0012
::1 - - [04/Jun/2015:13:24:47 +0200] "POST /message HTTP/1.1" 200 - 0.0011
::1 - - [04/Jun/2015:13:29:35 +0200] "POST /message HTTP/1.1" 200 - 0.0045
::1 - - [04/Jun/2015:13:29:44 +0200] "POST /message HTTP/1.1" 200 - 0.0014
::1 - - [04/Jun/2015:13:35:15 +0200] "POST /message HTTP/1.1" 200 - 0.0042
::1 - - [04/Jun/2015:14:02:28 +0200] "POST /message HTTP/1.1" 200 - 0.0013
::1 - - [04/Jun/2015:14:23:55 +0200] "POST /message HTTP/1.1" 200 - 0.0042
::1 - - [04/Jun/2015:14:24:46 +0200] "POST /message HTTP/1.1" 200 - 0.0015
::1 - - [04/Jun/2015:14:42:51 +0200] "POST /message HTTP/1.1" 200 - 0.0044
::1 - - [04/Jun/2015:14:47:51 +0200] "POST /message HTTP/1.1" 200 - 0.0054
::1 - - [04/Jun/2015:16:39:31 +0200] "POST /message HTTP/1.1" 200 - 0.0230
::1 - - [04/Jun/2015:16:41:29 +0200] "POST /message HTTP/1.1" 200 - 0.0045
::1 - - [04/Jun/2015:16:43:19 +0200] "POST /message HTTP/1.1" 200 - 0.0044
::1 - - [04/Jun/2015:16:50:20 +0200] "POST /message HTTP/1.1" 200 - 0.0043
::1 - - [04/Jun/2015:16:54:13 +0200] "POST /message HTTP/1.1" 200 - 0.0042
::1 - - [04/Jun/2015:16:56:17 +0200] "POST /message HTTP/1.1" 200 - 0.0050
::1 - - [04/Jun/2015:17:03:41 +0200] "POST /message HTTP/1.1" 200 - 0.0044
::1 - - [04/Jun/2015:17:41:46 +0200] "POST /message HTTP/1.1" 200 - 0.0044
::1 - - [04/Jun/2015:17:43:07 +0200] "POST /message HTTP/1.1" 200 - 0.0043
::1 - - [04/Jun/2015:17:52:33 +0200] "POST /message HTTP/1.1" 200 - 0.0012
::1 - - [04/Jun/2015:17:53:37 +0200] "POST /message HTTP/1.1" 200 - 0.0012
::1 - - [04/Jun/2015:17:53:46 +0200] "POST /message HTTP/1.1" 200 - 0.0013
::1 - - [04/Jun/2015:18:07:46 +0200] "POST /message HTTP/1.1" 200 - 0.0043
::1 - - [04/Jun/2015:18:08:19 +0200] "POST /message HTTP/1.1" 200 - 0.0013
::1 - - [04/Jun/2015:18:08:30 +0200] "POST /message HTTP/1.1" 200 - 0.0013
::1 - - [04/Jun/2015:18:12:02 +0200] "POST /message HTTP/1.1" 200 - 0.0041
::1 - - [04/Jun/2015:18:14:19 +0200] "POST /message HTTP/1.1" 200 - 0.0054
::1 - - [04/Jun/2015:18:28:55 +0200] "POST /message HTTP/1.1" 200 - 0.0042
::1 - - [04/Jun/2015:19:21:18 +0200] "POST /message HTTP/1.1" 200 - 0.0042
::1 - - [04/Jun/2015:19:22:36 +0200] "POST /message HTTP/1.1" 200 - 0.0057
::1 - - [04/Jun/2015:19:24:51 +0200] "POST /message HTTP/1.1" 200 - 0.0054
::1 - - [04/Jun/2015:19:36:56 +0200] "POST /message HTTP/1.1" 200 - 0.0054
::1 - - [04/Jun/2015:19:37:27 +0200] "POST /message HTTP/1.1" 200 - 0.0010
::1 - - [04/Jun/2015:20:57:32 +0200] "POST /message HTTP/1.1" 200 - 0.0053
::1 - - [05/Jun/2015:14:04:03 +0200] "POST /message HTTP/1.1" 200 - 0.0099
::1 - - [05/Jun/2015:14:07:51 +0200] "POST /message HTTP/1.1" 200 - 0.0014
